
Thu, 23 Aug 2018 12:02:18 -0400 : NO senderId 

Thu, 23 Aug 2018 12:02:18 -0400 : Server Altiria response: ERROR errNum:020

Thu, 23 Aug 2018 12:02:18 -0400 : Error sending SMS: ERROR errNum:020

Thu, 23 Aug 2018 12:03:08 -0400 : NO senderId 

Thu, 23 Aug 2018 12:03:08 -0400 : Server Altiria response: ERROR errNum:020

Thu, 23 Aug 2018 12:03:08 -0400 : Error sending SMS: ERROR errNum:020

Thu, 23 Aug 2018 12:04:26 -0400 : NO senderId 

Thu, 23 Aug 2018 12:04:26 -0400 : Server Altiria response: ERROR errNum:020

Thu, 23 Aug 2018 12:04:26 -0400 : Error sending SMS: ERROR errNum:020

Thu, 23 Aug 2018 12:04:28 -0400 : NO senderId 

Thu, 23 Aug 2018 12:04:28 -0400 : Server Altiria response: ERROR errNum:020

Thu, 23 Aug 2018 12:04:28 -0400 : Error sending SMS: ERROR errNum:020

Thu, 23 Aug 2018 12:11:31 -0400 : NO senderId 

Thu, 23 Aug 2018 12:11:32 -0400 : Server Altiria response: ERROR errNum:020

Thu, 23 Aug 2018 12:11:32 -0400 : Error sending SMS: ERROR errNum:020

Thu, 23 Aug 2018 12:12:02 -0400 : NO senderId 

Thu, 23 Aug 2018 12:12:02 -0400 : Server Altiria response: ERROR errNum:020

Thu, 23 Aug 2018 12:12:02 -0400 : Error sending SMS: ERROR errNum:020

Thu, 23 Aug 2018 12:35:26 -0400 : NO senderId 

Thu, 23 Aug 2018 12:35:26 -0400 : Server Altiria response: ERROR errNum:020

Thu, 23 Aug 2018 12:35:26 -0400 : Error sending SMS: ERROR errNum:020

Thu, 23 Aug 2018 12:35:32 -0400 : NO senderId 

Thu, 23 Aug 2018 12:35:32 -0400 : Server Altiria response: ERROR errNum:020

Thu, 23 Aug 2018 12:35:32 -0400 : Error sending SMS: ERROR errNum:020

Thu, 23 Aug 2018 12:40:52 -0400 : Add destination 593992035278

Thu, 23 Aug 2018 12:40:52 -0400 : Add destination 593987284494

Thu, 23 Aug 2018 12:40:52 -0400 : NO senderId 

Thu, 23 Aug 2018 12:40:52 -0400 : Server Altiria response: OK dest:593992035278
OK dest:593987284494


Thu, 23 Aug 2018 12:43:24 -0400 : Add destination 593992035278

Thu, 23 Aug 2018 12:43:24 -0400 : Add destination 593987284494

Thu, 23 Aug 2018 12:43:24 -0400 : NO senderId 

Thu, 23 Aug 2018 12:43:25 -0400 : Server Altiria response: OK dest:593992035278
OK dest:593987284494


Thu, 23 Aug 2018 12:45:04 -0400 : Add destination 593992035278

Thu, 23 Aug 2018 12:45:04 -0400 : Add destination 593987284494

Thu, 23 Aug 2018 12:45:04 -0400 : NO senderId 

Thu, 23 Aug 2018 12:45:04 -0400 : Server Altiria response: OK dest:593992035278
OK dest:593987284494


Thu, 23 Aug 2018 12:45:52 -0400 : Add destination 593992035278

Thu, 23 Aug 2018 12:45:52 -0400 : Add destination 593987284494

Thu, 23 Aug 2018 12:45:52 -0400 : NO senderId 

Thu, 23 Aug 2018 12:45:52 -0400 : Server Altiria response: OK dest:593992035278
OK dest:593987284494


Thu, 23 Aug 2018 12:46:54 -0400 : Add destination 593992035278

Thu, 23 Aug 2018 12:46:54 -0400 : Add destination 593987284494

Thu, 23 Aug 2018 12:46:54 -0400 : NO senderId 

Thu, 23 Aug 2018 12:46:54 -0400 : Server Altiria response: OK dest:593992035278
OK dest:593987284494


Thu, 23 Aug 2018 12:51:16 -0400 : Add destination 593992035278

Thu, 23 Aug 2018 12:51:16 -0400 : Add destination 593987284494

Thu, 23 Aug 2018 12:51:16 -0400 : NO senderId 

Thu, 23 Aug 2018 12:51:17 -0400 : Server Altiria response: OK dest:593992035278
OK dest:593987284494


Thu, 23 Aug 2018 12:54:47 -0400 : Add destination 593992035278

Thu, 23 Aug 2018 12:54:47 -0400 : Add destination 593987284494

Thu, 23 Aug 2018 12:54:47 -0400 : NO senderId 

Thu, 23 Aug 2018 12:54:47 -0400 : Server Altiria response: OK dest:593992035278
OK dest:593987284494


Thu, 23 Aug 2018 12:59:03 -0400 : Add destination 593992035278

Thu, 23 Aug 2018 12:59:03 -0400 : Add destination 593987284494

Thu, 23 Aug 2018 12:59:03 -0400 : NO senderId 

Thu, 23 Aug 2018 12:59:04 -0400 : Server Altiria response: OK dest:593992035278
OK dest:593987284494


Thu, 23 Aug 2018 13:00:20 -0400 : Add destination 593992035278

Thu, 23 Aug 2018 13:00:20 -0400 : Add destination 593987284494

Thu, 23 Aug 2018 13:00:20 -0400 : NO senderId 

Thu, 23 Aug 2018 13:00:20 -0400 : Server Altiria response: OK dest:593992035278
OK dest:593987284494


Thu, 23 Aug 2018 13:00:23 -0400 : Add destination 593992035278

Thu, 23 Aug 2018 13:00:23 -0400 : Add destination 593987284494

Thu, 23 Aug 2018 13:00:23 -0400 : NO senderId 

Thu, 23 Aug 2018 13:00:23 -0400 : Server Altiria response: OK dest:593992035278
OK dest:593987284494


Thu, 23 Aug 2018 13:07:32 -0400 : Add destination 593992035278

Thu, 23 Aug 2018 13:07:32 -0400 : Add destination 593987284494

Thu, 23 Aug 2018 13:07:32 -0400 : NO senderId 

Thu, 23 Aug 2018 13:07:32 -0400 : Server Altiria response: OK dest:593992035278
OK dest:593987284494


Thu, 23 Aug 2018 13:18:28 -0400 : Add destination 593992035278

Thu, 23 Aug 2018 13:18:28 -0400 : Add destination 593987284494

Thu, 23 Aug 2018 13:18:28 -0400 : NO senderId 

Thu, 23 Aug 2018 13:18:28 -0400 : Server Altiria response: OK dest:593992035278
OK dest:593987284494


Thu, 23 Aug 2018 13:34:32 -0400 : Add destination 593992035278

Thu, 23 Aug 2018 13:34:32 -0400 : Add destination 593987284494

Thu, 23 Aug 2018 13:34:32 -0400 : NO senderId 

Thu, 23 Aug 2018 13:34:32 -0400 : Server Altiria response: OK dest:593992035278
OK dest:593987284494


Thu, 23 Aug 2018 14:08:12 -0400 : Add destination 593992035278

Thu, 23 Aug 2018 14:08:12 -0400 : Add destination 593987284494

Thu, 23 Aug 2018 14:08:12 -0400 : NO senderId 

Thu, 23 Aug 2018 14:08:13 -0400 : Server Altiria response: OK dest:593992035278
OK dest:593987284494


Thu, 23 Aug 2018 14:10:08 -0400 : Add destination 50241084433

Thu, 23 Aug 2018 14:10:08 -0400 : Add destination 593992035278

Thu, 23 Aug 2018 14:10:08 -0400 : Add destination 593987284494

Thu, 23 Aug 2018 14:10:08 -0400 : NO senderId 

Thu, 23 Aug 2018 14:10:08 -0400 : Server Altiria response: OK dest:50241084433
OK dest:593992035278
OK dest:593987284494

